openlauncher/app/build/outputs/logs/manifest-merger-flavorGplay-release-report.txt
-- Merging decision tree log ---
provider#android.support.v4.content.FileProvider
INJECTED from src/main/AndroidManifest.xml:106:9-114:20
	android:grantUriPermissions
		ADDED from src/main/AndroidManifest.xml:110:13-47
	android:authorities
		INJECTED from src/main/AndroidManifest.xml
		ADDED from src/main/AndroidManifest.xml:108:13-60
	android:exported
		ADDED from src/main/AndroidManifest.xml:109:13-37
	android:name
		ADDED from src/main/AndroidManifest.xml:107:13-67
manifest
ADDED from src/main/AndroidManifest.xml:2:1-116:12
INJECTED from src/main/AndroidManifest.xml:2:1-116:12
INJECTED from src/main/AndroidManifest.xml:2:1-116:12
INJECTED from src/main/AndroidManifest.xml:2:1-116:12
MERGED from [:chatkit] AndroidManifest.xml:2:1-9:12
MERGED from [agency.tango.android:material-intro-screen:0.0.5] AndroidManifest.xml:2:1-12:12
MERGED from [com.android.support:design:27.1.1] AndroidManifest.xml:17:1-22:12
MERGED from [com.android.support:preference-v14:27.1.1] AndroidManifest.xml:17:1-22:12
MERGED from [com.android.support:preference-v7:27.1.1] AndroidManifest.xml:17:1-22:12
MERGED from [jp.wasabeef:recyclerview-animators:2.2.7] AndroidManifest.xml:2:1-12:12
MERGED from [com.afollestad.material-dialogs:core:0.9.6.0] AndroidManifest.xml:2:1-15:12
MERGED from [com.nononsenseapps:filepicker:4.2.1] AndroidManifest.xml:7:1-19:12
MERGED from [com.android.support:recyclerview-v7:27.1.1] AndroidManifest.xml:17:1-22:12
MERGED from [cat.ereza:customactivityoncrash:2.2.0] AndroidManifest.xml:2:1-23:12
MERGED from [de.psdev.licensesdialog:licensesdialog:1.8.3] AndroidManifest.xml:16:6-20:12
MERGED from [me.zhanghai.android.materialprogressbar:library:1.4.2] AndroidManifest.xml:6:1-16:12
MERGED from [com.android.support:appcompat-v7:27.1.1] AndroidManifest.xml:17:1-22:12
MERGED from [com.android.support:cardview-v7:27.1.1] AndroidManifest.xml:17:1-22:12
MERGED from [com.android.support:support-v13:27.1.1] AndroidManifest.xml:17:1-22:12
MERGED from [com.android.support.constraint:constraint-layout:1.1.0] AndroidManifest.xml:2:1-11:12
MERGED from [com.mikepenz:fastadapter:3.2.3] AndroidManifest.xml:2:1-12:12
MERGED from [com.mikepenz:fastadapter-commons:3.0.0] AndroidManifest.xml:2:1-12:12
MERGED from [com.mikepenz:fastadapter-extensions:3.0.0] AndroidManifest.xml:2:1-12:12
MERGED from [in.championswimmer:SimpleFingerGestures_Android_Library:1.2] AndroidManifest.xml:2:1-11:12
MERGED from [com.github.ozodrukh:CircularReveal:2.0.1] AndroidManifest.xml:2:1-12:12
MERGED from [com.github.turing-tech:MaterialScrollBar:12.4.0] AndroidManifest.xml:2:1-10:12
MERGED from [com.jakewharton:butterknife:8.8.1] AndroidManifest.xml:2:1-7:12
MERGED from [com.google.android:flexbox:1.0.0] AndroidManifest.xml:17:1-27:12
MERGED from [com.android.support:support-v4:27.1.1] AndroidManifest.xml:17:1-22:12
MERGED from [com.android.support:support-fragment:27.1.1] AndroidManifest.xml:17:1-22:12
MERGED from [com.android.support:animated-vector-drawable:27.1.1] AndroidManifest.xml:17:1-22:12
MERGED from [com.android.support:support-core-ui:27.1.1] AndroidManifest.xml:17:1-22:12
MERGED from [com.android.support:support-core-utils:27.1.1] AndroidManifest.xml:17:1-22:12
MERGED from [com.android.support:support-vector-drawable:27.1.1] AndroidManifest.xml:17:1-22:12
MERGED from [com.android.support:transition:27.1.1] AndroidManifest.xml:17:1-22:12
MERGED from [com.android.support:support-media-compat:27.1.1] AndroidManifest.xml:17:1-22:12
MERGED from [com.android.support:support-compat:27.1.1] AndroidManifest.xml:17:1-22:12
MERGED from [android.arch.lifecycle:runtime:1.1.0] AndroidManifest.xml:17:1-22:12
MERGED from [android.arch.lifecycle:livedata-core:1.1.0] AndroidManifest.xml:17:1-22:12
MERGED from [android.arch.lifecycle:viewmodel:1.1.0] AndroidManifest.xml:17:1-22:12
MERGED from [android.arch.core:runtime:1.1.0] AndroidManifest.xml:17:1-22:12
INJECTED from src/main/AndroidManifest.xml:2:1-116:12
INJECTED from src/main/AndroidManifest.xml:2:1-116:12
INJECTED from src/main/AndroidManifest.xml:2:1-116:12
	package
		ADDED from src/main/AndroidManifest.xml:4:5-37
		INJECTED from src/main/AndroidManifest.xml
		INJECTED from src/main/AndroidManifest.xml
	android:versionName
		INJECTED from src/main/AndroidManifest.xml
		ADDED from src/main/AndroidManifest.xml:2:1-116:12
		INJECTED from src/main/AndroidManifest.xml
	xmlns:tools
		ADDED from src/main/AndroidManifest.xml:3:5-51
	android:versionCode
		INJECTED from src/main/AndroidManifest.xml
		ADDED from src/main/AndroidManifest.xml:2:1-116:12
		INJECTED from src/main/AndroidManifest.xml
	xmlns:android
		ADDED from src/main/AndroidManifest.xml:2:11-69
uses-permission#android.permission.SET_WALLPAPER
ADDED from src/main/AndroidManifest.xml:6:5-72
	android:name
		ADDED from src/main/AndroidManifest.xml:6:22-69
uses-permission#android.permission.READ_EXTERNAL_STORAGE
ADDED from src/main/AndroidManifest.xml:7:5-80
	android:name
		ADDED from src/main/AndroidManifest.xml:7:22-77
uses-permission#android.permission.WRITE_EXTERNAL_STORAGE
ADDED from src/main/AndroidManifest.xml:8:5-81
	android:name
		ADDED from src/main/AndroidManifest.xml:8:22-78
uses-permission#android.permission.VIBRATE
ADDED from src/main/AndroidManifest.xml:9:5-66
	android:name
		ADDED from src/main/AndroidManifest.xml:9:22-63
uses-permission#android.permission.EXPAND_STATUS_BAR
ADDED from src/main/AndroidManifest.xml:10:5-76
	android:name
		ADDED from src/main/AndroidManifest.xml:10:22-73
uses-permission#android.permission.WRITE_SETTINGS
ADDED from src/main/AndroidManifest.xml:11:5-12:47
	tools:ignore
		ADDED from src/main/AndroidManifest.xml:12:9-44
	android:name
		ADDED from src/main/AndroidManifest.xml:11:22-70
application
ADDED from src/main/AndroidManifest.xml:14:5-115:19
MERGED from [com.afollestad.material-dialogs:core:0.9.6.0] AndroidManifest.xml:13:5-20
MERGED from [com.afollestad.material-dialogs:core:0.9.6.0] AndroidManifest.xml:13:5-20
MERGED from [com.nononsenseapps:filepicker:4.2.1] AndroidManifest.xml:17:5-20
MERGED from [com.nononsenseapps:filepicker:4.2.1] AndroidManifest.xml:17:5-20
MERGED from [cat.ereza:customactivityoncrash:2.2.0] AndroidManifest.xml:11:5-21:19
MERGED from [cat.ereza:customactivityoncrash:2.2.0] AndroidManifest.xml:11:5-21:19
MERGED from [de.psdev.licensesdialog:licensesdialog:1.8.3] AndroidManifest.xml:19:5-19
MERGED from [de.psdev.licensesdialog:licensesdialog:1.8.3] AndroidManifest.xml:19:5-19
MERGED from [com.android.support.constraint:constraint-layout:1.1.0] AndroidManifest.xml:9:5-20
MERGED from [com.android.support.constraint:constraint-layout:1.1.0] AndroidManifest.xml:9:5-20
MERGED from [com.github.ozodrukh:CircularReveal:2.0.1] AndroidManifest.xml:10:5-20
MERGED from [com.github.ozodrukh:CircularReveal:2.0.1] AndroidManifest.xml:10:5-20
	android:stateNotNeeded
		ADDED from src/main/AndroidManifest.xml:21:9-38
	android:label
		ADDED from src/main/AndroidManifest.xml:18:9-41
	android:launchMode
		ADDED from src/main/AndroidManifest.xml:20:9-40
	android:hardwareAccelerated
		ADDED from src/main/AndroidManifest.xml:16:9-43
	android:largeHeap
		ADDED from src/main/AndroidManifest.xml:19:9-34
	android:icon
		ADDED from src/main/AndroidManifest.xml:17:9-43
	android:theme
		ADDED from src/main/AndroidManifest.xml:23:9-42
	android:taskAffinity
		ADDED from src/main/AndroidManifest.xml:22:9-32
	android:name
		ADDED from src/main/AndroidManifest.xml:15:9-56
meta-data#android.max_aspect
ADDED from src/main/AndroidManifest.xml:25:9-27:35
	android:value
		ADDED from src/main/AndroidManifest.xml:27:13-32
	android:name
		ADDED from src/main/AndroidManifest.xml:26:13-46
activity#com.benny.openlauncher.activity.OnBoardActivity
ADDED from src/main/AndroidManifest.xml:29:9-38:20
	android:clearTaskOnLaunch
		ADDED from src/main/AndroidManifest.xml:31:13-45
	android:label
		ADDED from src/main/AndroidManifest.xml:32:13-45
	android:theme
		ADDED from src/main/AndroidManifest.xml:33:13-46
	android:name
		ADDED from src/main/AndroidManifest.xml:30:13-75
intent-filter#action:name:android.intent.action.MAIN+category:name:android.intent.category.LAUNCHER
ADDED from src/main/AndroidManifest.xml:34:13-37:29
action#android.intent.action.MAIN
ADDED from src/main/AndroidManifest.xml:35:17-69
	android:name
		ADDED from src/main/AndroidManifest.xml:35:25-66
category#android.intent.category.LAUNCHER
ADDED from src/main/AndroidManifest.xml:36:17-77
	android:name
		ADDED from src/main/AndroidManifest.xml:36:27-74
activity#com.benny.openlauncher.activity.HomeActivity
ADDED from src/main/AndroidManifest.xml:39:9-52:20
	android:clearTaskOnLaunch
		ADDED from src/main/AndroidManifest.xml:43:13-45
	android:stateNotNeeded
		ADDED from src/main/AndroidManifest.xml:44:13-42
	android:label
		ADDED from src/main/AndroidManifest.xml:41:13-45
	android:launchMode
		ADDED from src/main/AndroidManifest.xml:42:13-44
	android:windowSoftInputMode
		ADDED from src/main/AndroidManifest.xml:46:13-56
	android:taskAffinity
		ADDED from src/main/AndroidManifest.xml:45:13-36
	android:name
		ADDED from src/main/AndroidManifest.xml:40:13-72
intent-filter#action:name:android.intent.action.MAIN+category:name:android.intent.category.DEFAULT+category:name:android.intent.category.HOME
ADDED from src/main/AndroidManifest.xml:47:13-51:29
category#android.intent.category.HOME
ADDED from src/main/AndroidManifest.xml:49:17-73
	android:name
		ADDED from src/main/AndroidManifest.xml:49:27-70
category#android.intent.category.DEFAULT
ADDED from src/main/AndroidManifest.xml:50:17-76
	android:name
		ADDED from src/main/AndroidManifest.xml:50:27-73
activity#com.benny.openlauncher.activity.AutoFinishActivity
ADDED from src/main/AndroidManifest.xml:53:9-55:86
	android:theme
		ADDED from src/main/AndroidManifest.xml:55:13-83
	android:name
		ADDED from src/main/AndroidManifest.xml:54:13-78
activity#com.benny.openlauncher.activity.MinibarEditActivity
ADDED from src/main/AndroidManifest.xml:56:9-60:59
	android:parentActivityName
		ADDED from src/main/AndroidManifest.xml:59:13-86
	android:label
		ADDED from src/main/AndroidManifest.xml:58:13-38
	android:theme
		ADDED from src/main/AndroidManifest.xml:60:13-56
	android:name
		ADDED from src/main/AndroidManifest.xml:57:13-79
activity#com.benny.openlauncher.activity.SettingsActivity
ADDED from src/main/AndroidManifest.xml:61:9-65:59
	android:label
		ADDED from src/main/AndroidManifest.xml:64:13-37
	android:configChanges
		ADDED from src/main/AndroidManifest.xml:63:13-68
	android:theme
		ADDED from src/main/AndroidManifest.xml:65:13-56
	android:name
		ADDED from src/main/AndroidManifest.xml:62:13-76
activity#com.benny.openlauncher.activity.HideAppsActivity
ADDED from src/main/AndroidManifest.xml:66:9-69:59
	android:label
		ADDED from src/main/AndroidManifest.xml:68:13-45
	android:theme
		ADDED from src/main/AndroidManifest.xml:69:13-56
	android:name
		ADDED from src/main/AndroidManifest.xml:67:13-76
activity#com.benny.openlauncher.activity.MoreInfoActivity
ADDED from src/main/AndroidManifest.xml:70:9-77:20
	android:parentActivityName
		ADDED from src/main/AndroidManifest.xml:72:13-90
	android:theme
		ADDED from src/main/AndroidManifest.xml:73:13-56
	android:name
		ADDED from src/main/AndroidManifest.xml:71:13-76
meta-data#android.support.PARENT_ACTIVITY
ADDED from src/main/AndroidManifest.xml:74:13-76:84
	android:value
		ADDED from src/main/AndroidManifest.xml:76:17-81
	android:name
		ADDED from src/main/AndroidManifest.xml:75:17-63
activity#com.nononsenseapps.filepicker.FilePickerActivity
ADDED from src/main/AndroidManifest.xml:78:9-86:20
	android:label
		ADDED from src/main/AndroidManifest.xml:80:13-45
	android:theme
		ADDED from src/main/AndroidManifest.xml:81:13-51
	android:name
		ADDED from src/main/AndroidManifest.xml:79:13-76
intent-filter#action:name:android.intent.action.GET_CONTENT+category:name:android.intent.category.DEFAULT
ADDED from src/main/AndroidManifest.xml:82:13-85:29
action#android.intent.action.GET_CONTENT
ADDED from src/main/AndroidManifest.xml:83:17-76
	android:name
		ADDED from src/main/AndroidManifest.xml:83:25-73
receiver#com.benny.openlauncher.receivers.DeviceAdminReceiver
ADDED from src/main/AndroidManifest.xml:88:9-97:20
	android:permission
		ADDED from src/main/AndroidManifest.xml:90:13-70
	android:name
		ADDED from src/main/AndroidManifest.xml:89:13-80
intent-filter#action:name:android.app.action.DEVICE_ADMIN_ENABLED
ADDED from src/main/AndroidManifest.xml:91:13-93:29
action#android.app.action.DEVICE_ADMIN_ENABLED
ADDED from src/main/AndroidManifest.xml:92:17-82
	android:name
		ADDED from src/main/AndroidManifest.xml:92:25-79
meta-data#android.app.device_admin
ADDED from src/main/AndroidManifest.xml:94:13-96:56
	android:resource
		ADDED from src/main/AndroidManifest.xml:96:17-53
	android:name
		ADDED from src/main/AndroidManifest.xml:95:17-56
receiver#com.benny.openlauncher.receivers.ShortcutReceiver
ADDED from src/main/AndroidManifest.xml:98:9-104:20
	android:permission
		ADDED from src/main/AndroidManifest.xml:100:13-82
	android:name
		ADDED from src/main/AndroidManifest.xml:99:13-77
intent-filter#action:name:com.android.launcher.action.INSTALL_SHORTCUT
ADDED from src/main/AndroidManifest.xml:101:13-103:29
action#com.android.launcher.action.INSTALL_SHORTCUT
ADDED from src/main/AndroidManifest.xml:102:17-87
	android:name
		ADDED from src/main/AndroidManifest.xml:102:25-84
uses-sdk
INJECTED from src/main/AndroidManifest.xml reason: use-sdk injection requested
INJECTED from src/main/AndroidManifest.xml
INJECTED from src/main/AndroidManifest.xml
MERGED from [:chatkit] AndroidManifest.xml:7:5-44
MERGED from [:chatkit] AndroidManifest.xml:7:5-44
MERGED from [agency.tango.android:material-intro-screen:0.0.5] AndroidManifest.xml:8:5-10:41
MERGED from [agency.tango.android:material-intro-screen:0.0.5] AndroidManifest.xml:8:5-10:41
MERGED from [com.android.support:design:27.1.1] AndroidManifest.xml:20:5-44
MERGED from [com.android.support:design:27.1.1] AndroidManifest.xml:20:5-44
MERGED from [com.android.support:preference-v14:27.1.1] AndroidManifest.xml:20:5-44
MERGED from [com.android.support:preference-v14:27.1.1] AndroidManifest.xml:20:5-44
MERGED from [com.android.support:preference-v7:27.1.1] AndroidManifest.xml:20:5-44
MERGED from [com.android.support:preference-v7:27.1.1] AndroidManifest.xml:20:5-44
MERGED from [jp.wasabeef:recyclerview-animators:2.2.7] AndroidManifest.xml:8:5-10:41
MERGED from [jp.wasabeef:recyclerview-animators:2.2.7] AndroidManifest.xml:8:5-10:41
MERGED from [com.afollestad.material-dialogs:core:0.9.6.0] AndroidManifest.xml:8:5-11:75
MERGED from [com.afollestad.material-dialogs:core:0.9.6.0] AndroidManifest.xml:8:5-11:75
MERGED from [com.nononsenseapps:filepicker:4.2.1] AndroidManifest.xml:13:5-15:41
MERGED from [com.nononsenseapps:filepicker:4.2.1] AndroidManifest.xml:13:5-15:41
MERGED from [com.android.support:recyclerview-v7:27.1.1] AndroidManifest.xml:20:5-44
MERGED from [com.android.support:recyclerview-v7:27.1.1] AndroidManifest.xml:20:5-44
MERGED from [cat.ereza:customactivityoncrash:2.2.0] AndroidManifest.xml:7:5-9:41
MERGED from [cat.ereza:customactivityoncrash:2.2.0] AndroidManifest.xml:7:5-9:41
MERGED from [de.psdev.licensesdialog:licensesdialog:1.8.3] AndroidManifest.xml:18:5-72
MERGED from [de.psdev.licensesdialog:licensesdialog:1.8.3] AndroidManifest.xml:18:5-72
MERGED from [me.zhanghai.android.materialprogressbar:library:1.4.2] AndroidManifest.xml:12:5-14:41
MERGED from [me.zhanghai.android.materialprogressbar:library:1.4.2] AndroidManifest.xml:12:5-14:41
MERGED from [com.android.support:appcompat-v7:27.1.1] AndroidManifest.xml:20:5-44
MERGED from [com.android.support:appcompat-v7:27.1.1] AndroidManifest.xml:20:5-44
MERGED from [com.android.support:cardview-v7:27.1.1] AndroidManifest.xml:20:5-44
MERGED from [com.android.support:cardview-v7:27.1.1] AndroidManifest.xml:20:5-44
MERGED from [com.android.support:support-v13:27.1.1] AndroidManifest.xml:20:5-44
MERGED from [com.android.support:support-v13:27.1.1] AndroidManifest.xml:20:5-44
MERGED from [com.android.support.constraint:constraint-layout:1.1.0] AndroidManifest.xml:5:5-7:41
MERGED from [com.android.support.constraint:constraint-layout:1.1.0] AndroidManifest.xml:5:5-7:41
MERGED from [com.mikepenz:fastadapter:3.2.3] AndroidManifest.xml:8:5-10:41
MERGED from [com.mikepenz:fastadapter:3.2.3] AndroidManifest.xml:8:5-10:41
MERGED from [com.mikepenz:fastadapter-commons:3.0.0] AndroidManifest.xml:8:5-10:41
MERGED from [com.mikepenz:fastadapter-commons:3.0.0] AndroidManifest.xml:8:5-10:41
MERGED from [com.mikepenz:fastadapter-extensions:3.0.0] AndroidManifest.xml:8:5-10:41
MERGED from [com.mikepenz:fastadapter-extensions:3.0.0] AndroidManifest.xml:8:5-10:41
MERGED from [in.championswimmer:SimpleFingerGestures_Android_Library:1.2] AndroidManifest.xml:7:5-9:41
MERGED from [in.championswimmer:SimpleFingerGestures_Android_Library:1.2] AndroidManifest.xml:7:5-9:41
MERGED from [com.github.ozodrukh:CircularReveal:2.0.1] AndroidManifest.xml:6:5-8:41
MERGED from [com.github.ozodrukh:CircularReveal:2.0.1] AndroidManifest.xml:6:5-8:41
MERGED from [com.github.turing-tech:MaterialScrollBar:12.4.0] AndroidManifest.xml:6:5-8:41
MERGED from [com.github.turing-tech:MaterialScrollBar:12.4.0] AndroidManifest.xml:6:5-8:41
MERGED from [com.jakewharton:butterknife:8.8.1] AndroidManifest.xml:5:5-43
MERGED from [com.jakewharton:butterknife:8.8.1] AndroidManifest.xml:5:5-43
MERGED from [com.google.android:flexbox:1.0.0] AndroidManifest.xml:23:5-25:41
MERGED from [com.google.android:flexbox:1.0.0] AndroidManifest.xml:23:5-25:41
MERGED from [com.android.support:support-v4:27.1.1] AndroidManifest.xml:20:5-44
MERGED from [com.android.support:support-v4:27.1.1] AndroidManifest.xml:20:5-44
MERGED from [com.android.support:support-fragment:27.1.1] AndroidManifest.xml:20:5-44
MERGED from [com.android.support:support-fragment:27.1.1] AndroidManifest.xml:20:5-44
MERGED from [com.android.support:animated-vector-drawable:27.1.1] AndroidManifest.xml:20:5-44
MERGED from [com.android.support:animated-vector-drawable:27.1.1] AndroidManifest.xml:20:5-44
MERGED from [com.android.support:support-core-ui:27.1.1] AndroidManifest.xml:20:5-44
MERGED from [com.android.support:support-core-ui:27.1.1] AndroidManifest.xml:20:5-44
MERGED from [com.android.support:support-core-utils:27.1.1] AndroidManifest.xml:20:5-44
MERGED from [com.android.support:support-core-utils:27.1.1] AndroidManifest.xml:20:5-44
MERGED from [com.android.support:support-vector-drawable:27.1.1] AndroidManifest.xml:20:5-44
MERGED from [com.android.support:support-vector-drawable:27.1.1] AndroidManifest.xml:20:5-44
MERGED from [com.android.support:transition:27.1.1] AndroidManifest.xml:20:5-44
MERGED from [com.android.support:transition:27.1.1] AndroidManifest.xml:20:5-44
MERGED from [com.android.support:support-media-compat:27.1.1] AndroidManifest.xml:20:5-44
MERGED from [com.android.support:support-media-compat:27.1.1] AndroidManifest.xml:20:5-44
MERGED from [com.android.support:support-compat:27.1.1] AndroidManifest.xml:20:5-44
MERGED from [com.android.support:support-compat:27.1.1] AndroidManifest.xml:20:5-44
MERGED from [android.arch.lifecycle:runtime:1.1.0] AndroidManifest.xml:20:5-44
MERGED from [android.arch.lifecycle:runtime:1.1.0] AndroidManifest.xml:20:5-44
MERGED from [android.arch.lifecycle:livedata-core:1.1.0] AndroidManifest.xml:20:5-44
MERGED from [android.arch.lifecycle:livedata-core:1.1.0] AndroidManifest.xml:20:5-44
MERGED from [android.arch.lifecycle:viewmodel:1.1.0] AndroidManifest.xml:20:5-44
MERGED from [android.arch.lifecycle:viewmodel:1.1.0] AndroidManifest.xml:20:5-44
MERGED from [android.arch.core:runtime:1.1.0] AndroidManifest.xml:20:5-44
MERGED from [android.arch.core:runtime:1.1.0] AndroidManifest.xml:20:5-44
INJECTED from src/main/AndroidManifest.xml
INJECTED from src/main/AndroidManifest.xml
	tools:overrideLibrary
		ADDED from [com.afollestad.material-dialogs:core:0.9.6.0] AndroidManifest.xml:11:9-72
	android:targetSdkVersion
		INJECTED from src/main/AndroidManifest.xml
		ADDED from src/main/AndroidManifest.xml
		INJECTED from src/main/AndroidManifest.xml
	android:minSdkVersion
		INJECTED from src/main/AndroidManifest.xml
		ADDED from src/main/AndroidManifest.xml
		INJECTED from src/main/AndroidManifest.xml
meta-data#android.support.FILE_PROVIDER_PATHS
ADDED from src/main/AndroidManifest.xml:111:13-113:54
	android:resource
		ADDED from src/main/AndroidManifest.xml:113:17-51
	android:name
		ADDED from src/main/AndroidManifest.xml:112:17-67
activity#cat.ereza.customactivityoncrash.activity.DefaultErrorActivity
ADDED from [cat.ereza:customactivityoncrash:2.2.0] AndroidManifest.xml:12:9-14:49
	android:process
		ADDED from [cat.ereza:customactivityoncrash:2.2.0] AndroidManifest.xml:14:13-46
	android:name
		ADDED from [cat.ereza:customactivityoncrash:2.2.0] AndroidManifest.xml:13:13-89
provider#cat.ereza.customactivityoncrash.provider.CaocInitProvider
ADDED from [cat.ereza:customactivityoncrash:2.2.0] AndroidManifest.xml:16:9-20:39
	android:authorities
		ADDED from [cat.ereza:customactivityoncrash:2.2.0] AndroidManifest.xml:18:13-85
	android:exported
		ADDED from [cat.ereza:customactivityoncrash:2.2.0] AndroidManifest.xml:19:13-37
	android:initOrder
		ADDED from [cat.ereza:customactivityoncrash:2.2.0] AndroidManifest.xml:20:13-36
	android:name
		ADDED from [cat.ereza:customactivityoncrash:2.2.0] AndroidManifest.xml:17:13-85